/dogs 2024-05-21T11:25:18.701Z
/api/dogs 2024-05-21T11:25:25.135Z
/api/dogs 2024-05-21T11:26:18.590Z
/api/dogs 2024-05-21T11:26:55.463Z
/api/dogs 2024-05-21T11:26:56.506Z
/api/dogs 2024-05-21T11:29:02.981Z
/api/dogs 2024-05-21T11:29:45.895Z
/ 2024-05-21T14:30:27.737Z
/ 2024-05-21T14:30:27.923Z
/api/dogs 2024-05-21T14:30:42.985Z
/favicon.ico 2024-05-21T14:30:43.281Z
/api/dogs 2024-05-21T14:39:33.869Z
/api/dogs 2024-05-21T14:40:01.542Z
/api/dogs 2024-05-21T14:40:27.945Z
/api/dogs/3 2024-05-21T14:55:48.084Z
/api/dogs/3 2024-05-21T15:01:29.988Z
/api/dogs/3 2024-05-21T15:03:47.105Z
/api/dogs 2024-05-21T15:05:05.302Z
/api/cats 2024-05-21T15:07:31.866Z
/api/cats 2024-05-21T15:07:35.003Z
/api/cats 2024-05-21T15:08:22.619Z
/api/cats 2024-05-21T15:08:23.667Z
/api/cats 2024-05-21T15:08:37.555Z
/api/cats 2024-05-21T15:10:01.353Z
/api/cats 2024-05-21T15:29:14.490Z
/api/cats 2024-05-21T15:29:40.337Z
/api/cats/2 2024-05-21T15:30:18.485Z
/api/cats/2 2024-05-21T15:31:09.221Z
/api/cats/2 2024-05-21T15:32:59.720Z
/api/dogs/2 2024-05-21T15:33:54.904Z
/api/dogs/2 2024-05-21T15:35:31.077Z
/api/dogs/2 2024-05-21T15:36:26.418Z
/api/cats 2024-05-21T15:37:39.387Z
/api/cats 2024-05-21T16:39:07.176Z
/api/cats 2024-05-21T16:41:37.344Z
/api/cats 2024-05-21T16:44:45.904Z
/api/cats 2024-05-21T16:49:16.136Z
/api/cats 2024-05-21T16:58:16.263Z
/api/cats 2024-05-21T16:59:23.810Z
/logs 2024-05-21T17:00:52.241Z
/logs 2024-05-21T17:01:20.682Z
/logs 2024-05-21T17:01:42.132Z
/logs 2024-05-21T17:02:05.632Z
/logs 2024-05-21T17:04:37.180Z
